mode: set
github.com/Aleksandr-Kai/golang/hw2_signer/common.go:23.27,24.6 1 0
github.com/Aleksandr-Kai/golang/hw2_signer/common.go:24.6,25.82 1 0
github.com/Aleksandr-Kai/golang/hw2_signer/common.go:25.82,28.4 2 0
github.com/Aleksandr-Kai/golang/hw2_signer/common.go:28.9,29.9 1 0
github.com/Aleksandr-Kai/golang/hw2_signer/common.go:34.29,35.6 1 0
github.com/Aleksandr-Kai/golang/hw2_signer/common.go:35.6,36.82 1 0
github.com/Aleksandr-Kai/golang/hw2_signer/common.go:36.82,39.4 2 0
github.com/Aleksandr-Kai/golang/hw2_signer/common.go:39.9,40.9 1 0
github.com/Aleksandr-Kai/golang/hw2_signer/common.go:45.46,52.2 6 0
github.com/Aleksandr-Kai/golang/hw2_signer/common.go:54.48,60.2 5 0
github.com/Aleksandr-Kai/golang/hw2_signer/signer.go:12.43,15.20 3 1
github.com/Aleksandr-Kai/golang/hw2_signer/signer.go:37.2,37.11 1 1
github.com/Aleksandr-Kai/golang/hw2_signer/signer.go:15.20,17.24 2 1
github.com/Aleksandr-Kai/golang/hw2_signer/signer.go:17.24,21.14 4 1
github.com/Aleksandr-Kai/golang/hw2_signer/signer.go:27.4,27.14 1 1
github.com/Aleksandr-Kai/golang/hw2_signer/signer.go:30.4,34.14 5 1
github.com/Aleksandr-Kai/golang/hw2_signer/signer.go:21.14,25.5 3 1
github.com/Aleksandr-Kai/golang/hw2_signer/signer.go:27.14,29.5 1 1
github.com/Aleksandr-Kai/golang/hw2_signer/signer.go:40.42,42.23 2 1
github.com/Aleksandr-Kai/golang/hw2_signer/signer.go:61.2,61.11 1 1
github.com/Aleksandr-Kai/golang/hw2_signer/signer.go:42.23,44.24 2 1
github.com/Aleksandr-Kai/golang/hw2_signer/signer.go:44.24,49.27 4 1
github.com/Aleksandr-Kai/golang/hw2_signer/signer.go:56.4,58.14 3 1
github.com/Aleksandr-Kai/golang/hw2_signer/signer.go:49.27,51.21 2 1
github.com/Aleksandr-Kai/golang/hw2_signer/signer.go:51.21,54.6 2 1
github.com/Aleksandr-Kai/golang/hw2_signer/signer.go:64.47,66.23 2 1
github.com/Aleksandr-Kai/golang/hw2_signer/signer.go:69.2,71.12 3 1
github.com/Aleksandr-Kai/golang/hw2_signer/signer.go:66.23,68.3 1 1
github.com/Aleksandr-Kai/golang/hw2_signer/signer.go:74.35,78.31 3 1
github.com/Aleksandr-Kai/golang/hw2_signer/signer.go:88.2,88.11 1 1
github.com/Aleksandr-Kai/golang/hw2_signer/signer.go:78.31,81.50 3 1
github.com/Aleksandr-Kai/golang/hw2_signer/signer.go:86.3,86.11 1 1
github.com/Aleksandr-Kai/golang/hw2_signer/signer.go:81.50,85.4 3 1
github.com/Aleksandr-Kai/golang/hw2_signer/signer.go:91.13,96.38 2 0
github.com/Aleksandr-Kai/golang/hw2_signer/signer.go:114.2,119.31 4 0
github.com/Aleksandr-Kai/golang/hw2_signer/signer.go:96.38,97.37 1 0
github.com/Aleksandr-Kai/golang/hw2_signer/signer.go:97.37,99.5 1 0
github.com/Aleksandr-Kai/golang/hw2_signer/signer.go:104.38,107.11 3 0
github.com/Aleksandr-Kai/golang/hw2_signer/signer.go:110.4,110.21 1 0
github.com/Aleksandr-Kai/golang/hw2_signer/signer.go:107.11,109.5 1 0
